  Bullet.cpp
  Damage.cpp
  Gun.cpp
  Health.cpp
  Main.cpp
  GameObject.cpp
  GameScene.cpp
C:\Users\пользователь\Documents\Visual Studio 2019\Code Snippets\Visual C++\My Code Snippets\Engine\GameScene.cpp(93,43): warning C4244: аргумент: преобразование "int" в "float", возможна потеря данных
C:\Users\пользователь\Documents\Visual Studio 2019\Code Snippets\Visual C++\My Code Snippets\Engine\GameScene.cpp(93,26): warning C4244: аргумент: преобразование "int" в "float", возможна потеря данных
C:\Users\пользователь\Documents\Visual Studio 2019\Code Snippets\Visual C++\My Code Snippets\Engine\GameScene.cpp(157,13): warning C4244: инициализация: преобразование "const _Ty" в "int", возможна потеря данных
          with
          [
              _Ty=float
          ]
C:\Users\пользователь\Documents\Visual Studio 2019\Code Snippets\Visual C++\My Code Snippets\Engine\GameScene.cpp(158,14): warning C4244: инициализация: преобразование "const _Ty" в "int", возможна потеря данных
          with
          [
              _Ty=float
          ]
C:\Users\пользователь\Documents\Visual Studio 2019\Code Snippets\Visual C++\My Code Snippets\Engine\GameScene.cpp(161,12): warning C4244: инициализация: преобразование "const _Ty" в "int", возможна потеря данных
          with
          [
              _Ty=float
          ]
C:\Users\пользователь\Documents\Visual Studio 2019\Code Snippets\Visual C++\My Code Snippets\Engine\GameScene.cpp(162,15): warning C4244: инициализация: преобразование "const _Ty" в "int", возможна потеря данных
          with
          [
              _Ty=float
          ]
  OneScene.cpp
C:\Users\пользователь\Documents\Visual Studio 2019\Code Snippets\Visual C++\My Code Snippets\Engine\PhysicalFunction.h(10,3): warning C4091: static : пропускается слева от "Engine::PhysicalFunction", когда ни одна переменная не объявлена
  Player.cpp
C:\Users\пользователь\Documents\Visual Studio 2019\Code Snippets\Visual C++\My Code Snippets\Engine\PhysicalFunction.h(10,3): warning C4091: static : пропускается слева от "Engine::PhysicalFunction", когда ни одна переменная не объявлена
C:\Users\пользователь\Documents\Visual Studio 2019\Code Snippets\Visual C++\My Code Snippets\Engine\Player.cpp(17,27): warning C4305: инициализация: усечение из "double" в "float"
C:\Users\пользователь\Documents\Visual Studio 2019\Code Snippets\Visual C++\My Code Snippets\Engine\Player.cpp(18,25): warning C4305: инициализация: усечение из "double" в "float"
C:\Users\пользователь\Documents\Visual Studio 2019\Code Snippets\Visual C++\My Code Snippets\Engine\Player.cpp(73,30): warning C4244: инициализация: преобразование "double" в "float", возможна потеря данных
  Window.cpp
  Создание кода
  6 of 349 functions ( 1.7%) were compiled, the rest were copied from previous compilation.
    2 functions were new in current compilation
    25 functions had inline decision re-evaluated but remain unchanged
  Создание кода завершено
  Engine.vcxproj -> C:\Users\пользователь\Documents\Visual Studio 2019\Code Snippets\Visual C++\My Code Snippets\Game\x64\Release\Engine.exe
